# JRE version: Java(TM) SE Runtime Environment (21.0.1+12) (build 21.0.1+12-LTS-29)
# Java VM: Java HotSpot(TM) 64-Bit Server VM (21.0.1+12-LTS-29, mixed mode, sharing, tiered, compressed oops, compressed class ptrs, g1 gc, windows-amd64)
GC Precious Log:
 CardTable entry size: 512
 Card Set container configuration: InlinePtr #cards 5 size 8 Array Of Cards #cards 12 size 40 Howl #buckets 4 coarsen threshold 1843 Howl Bitmap #cards 512 size 80 coarsen threshold 460 Card regions per heap region 1 cards per card region 2048
 CPUs: 8 total, 8 available
 Memory: 7971M
 Large Page Support: Disabled
 NUMA Support: Disabled
 Compressed Oops: Enabled (32-bit)
 Heap Region Size: 1M
 Heap Min Capacity: 8M
 Heap Initial Capacity: 126M
 Heap Max Capacity: 1994M
 Pre-touch: Disabled
 Parallel Workers: 8
 Concurrent Workers: 2
 Concurrent Refinement Workers: 8
 Periodic GC: Disabled
Heap:
 garbage-first heap   total 283648K, used 223300K [0x0000000083600000, 0x0000000100000000)
  region size 1024K, 1 young (1024K), 1 survivors (1024K)
 Metaspace       used 18476K, committed 18688K, reserved 1114112K
  class space    used 1990K, committed 2112K, reserved 1048576K
GC Heap History (15 events):
Event: 4.767 GC heap before
{Heap before GC invocations=0 (full 0):
 garbage-first heap   total 129024K, used 43008K [0x0000000083600000, 0x0000000100000000)
  region size 1024K, 23 young (23552K), 0 survivors (0K)
 Metaspace       used 8606K, committed 8768K, reserved 1114112K
  class space    used 964K, committed 1024K, reserved 1048576K
}
Event: 4.775 GC heap after
{Heap after GC invocations=1 (full 0):
 garbage-first heap   total 129024K, used 18846K [0x0000000083600000, 0x0000000100000000)
  region size 1024K, 3 young (3072K), 3 survivors (3072K)
 Metaspace       used 8606K, committed 8768K, reserved 1114112K
  class space    used 964K, committed 1024K, reserved 1048576K
}
Event: 22.365 GC heap before
{Heap before GC invocations=1 (full 0):
 garbage-first heap   total 129024K, used 66974K [0x0000000083600000, 0x0000000100000000)
  region size 1024K, 34 young (34816K), 3 survivors (3072K)
 Metaspace       used 18168K, committed 18368K, reserved 1114112K
  class space    used 1969K, committed 2048K, reserved 1048576K
}
Event: 22.371 GC heap after
{Heap after GC invocations=2 (full 0):
 garbage-first heap   total 129024K, used 39376K [0x0000000083600000, 0x0000000100000000)
  region size 1024K, 4 young (4096K), 4 survivors (4096K)
 Metaspace       used 18168K, committed 18368K, reserved 1114112K
  class space    used 1969K, committed 2048K, reserved 1048576K
}
Event: 22.443 GC heap before
{Heap before GC invocations=2 (full 0):
 garbage-first heap   total 129024K, used 47568K [0x0000000083600000, 0x0000000100000000)
  region size 1024K, 13 young (13312K), 4 survivors (4096K)
 Metaspace       used 18222K, committed 18432K, reserved 1114112K
  class space    used 1974K, committed 2048K, reserved 1048576K
}
Event: 22.447 GC heap after
{Heap after GC invocations=3 (full 0):
 garbage-first heap   total 129024K, used 39466K [0x0000000083600000, 0x0000000100000000)
  region size 1024K, 4 young (4096K), 4 survivors (4096K)
 Metaspace       used 18222K, committed 18432K, reserved 1114112K
  class space    used 1974K, committed 2048K, reserved 1048576K
}
Event: 22.522 GC heap before
{Heap before GC invocations=3 (full 0):
 garbage-first heap   total 129024K, used 127530K [0x0000000083600000, 0x0000000100000000)
  region size 1024K, 32 young (32768K), 4 survivors (4096K)
 Metaspace       used 18222K, committed 18432K, reserved 1114112K
  class space    used 1974K, committed 2048K, reserved 1048576K
}
Event: 22.527 GC heap after
{Heap after GC invocations=4 (full 0):
 garbage-first heap   total 133120K, used 100060K [0x0000000083600000, 0x0000000100000000)
  region size 1024K, 4 young (4096K), 4 survivors (4096K)
 Metaspace       used 18222K, committed 18432K, reserved 1114112K
  class space    used 1974K, committed 2048K, reserved 1048576K
}
Event: 22.609 GC heap before
{Heap before GC invocations=4 (full 0):
 garbage-first heap   total 133120K, used 121564K [0x0000000083600000, 0x0000000100000000)
  region size 1024K, 25 young (25600K), 4 survivors (4096K)
 Metaspace       used 18222K, committed 18432K, reserved 1114112K
  class space    used 1974K, committed 2048K, reserved 1048576K
}
Event: 22.612 GC heap after
{Heap after GC invocations=5 (full 0):
 garbage-first heap   total 133120K, used 100076K [0x0000000083600000, 0x0000000100000000)
  region size 1024K, 1 young (1024K), 1 survivors (1024K)
 Metaspace       used 18222K, committed 18432K, reserved 1114112K
  class space    used 1974K, committed 2048K, reserved 1048576K
}
Event: 25.107 GC heap before
{Heap before GC invocations=6 (full 0):
 garbage-first heap   total 283648K, used 246508K [0x0000000083600000, 0x0000000100000000)
  region size 1024K, 24 young (24576K), 1 survivors (1024K)
 Metaspace       used 18476K, committed 18688K, reserved 1114112K
  class space    used 1990K, committed 2112K, reserved 1048576K
}
Event: 25.109 GC heap after
{Heap after GC invocations=7 (full 0):
 garbage-first heap   total 283648K, used 223649K [0x0000000083600000, 0x0000000100000000)
  region size 1024K, 1 young (1024K), 1 survivors (1024K)
 Metaspace       used 18476K, committed 18688K, reserved 1114112K
  class space    used 1990K, committed 2112K, reserved 1048576K
}
Event: 25.187 GC heap before
{Heap before GC invocations=7 (full 0):
 garbage-first heap   total 283648K, used 264609K [0x0000000083600000, 0x0000000100000000)
  region size 1024K, 42 young (43008K), 1 survivors (1024K)
 Metaspace       used 18476K, committed 18688K, reserved 1114112K
  class space    used 1990K, committed 2112K, reserved 1048576K
}
Event: 25.190 GC heap after
{Heap after GC invocations=8 (full 0):
 garbage-first heap   total 283648K, used 223318K [0x0000000083600000, 0x0000000100000000)
  region size 1024K, 1 young (1024K), 1 survivors (1024K)
 Metaspace       used 18476K, committed 18688K, reserved 1114112K
  class space    used 1990K, committed 2112K, reserved 1048576K
}
Event: 25.289 GC heap before
{Heap before GC invocations=8 (full 0):
 garbage-first heap   total 283648K, used 265302K [0x0000000083600000, 0x0000000100000000)
  region size 1024K, 43 young (44032K), 1 survivors (1024K)
 Metaspace       used 18476K, committed 18688K, reserved 1114112K
  class space    used 1990K, committed 2112K, reserved 1048576K
}

